60
0 1 3 4 5 6 7 8 9
1 11 12 13 14 15
2 5 10 25 43 34
3 25 34 43 52
4 5 10 25 43 34
5 1 3 4 5 6 7 8 9
6 11 12 13 14 15
7 5 10 25 43 34
8 25 34 43 52
9 5 10 25 43 34
10 1 3 4 5 6 7 8 9
11 11 12 13 14 15
12 5 10 25 43 34
13 25 34 43 52
14 5 10 25 43 34
15 1 3 4 5 6 7 8 9
16 11 12 13 14 15
17 5 10 25 43 34
38 25 34 43 52
49 5 10 25 43 34
50 1 3 4 5 6 7 8 9
61 11 12 13 14 15
72 5 10 25 43 34
83 25 34 43 52
94 5 10 25 43 34
106 1 3 4 5 6 7 8 9
116 11 12 13 14 15
127 5 10 25 43 34
138 25 34 43 52
149 5 10 25 43 34
60 1 3 4 5 6 7 8 9
71 11 12 13 14 15
82 5 10 25 43 34
93 25 34 43 52
104 5 10 25 43 34
115 1 3 4 5 6 7 8 9
126 11 12 13 14 15
137 5 10 25 43 34
148 25 34 43 52
159 5 10 25 43 34
160 1 3 4 5 6 7 8 9
171 11 12 13 14 15
182 5 10 25 43 34
193 25 34 43 52
124 5 10 25 43 34
100 1 3 4 5 6 7 8 9
191 11 12 13 14 15
22 5 10 25 43 34
33 25 34 43 52
44 5 10 25 43 34
55 1 3 4 5 6 7 8 9
66 11 12 13 14 15
77 5 10 25 43 34
88 25 34 43 52
99 5 10 25 43 34
180 1 3 4 5 6 7 8 9
101 11 12 13 14 15
152 5 10 25 43 34
133 25 34 43 52
114 5 10 25 43 34