3543
0 0 3 2
0 9 3 11
0 12 3 14
0 15 3 17
0 18 3 20
0 21 3 23
0 24 3 26
0 27 3 29
0 33 3 35
0 36 3 38
0 39 3 41
0 42 3 44
0 45 3 47
0 48 3 50
0 51 3 53
0 54 3 56
0 57 3 59
0 60 3 62
0 66 3 68
0 69 3 71
0 75 3 77
0 78 3 80
0 81 3 83
0 84 3 86
0 87 3 89
0 90 3 92
0 93 3 95
0 96 3 98
0 99 3 101
0 102 3 104
0 105 3 107
0 108 3 110
0 111 3 113
0 114 3 116
0 117 3 119
0 120 3 122
0 123 3 125
0 126 3 128
0 129 3 131
0 132 3 134
0 138 3 140
0 141 3 143
0 147 3 149
0 150 3 152
0 153 3 155
0 156 3 158
0 159 3 161
0 162 3 164
0 165 3 167
0 168 3 170
0 174 3 176
0 177 3 179
0 180 3 182
0 183 3 185
0 186 3 188
0 189 3 191
0 201 3 203
0 204 3 206
0 207 3 209
0 210 3 212
0 213 3 215
0 216 3 218
0 219 3 221
0 222 3 224
0 228 3 230
0 231 3 233
0 234 3 236
0 237 3 239
0 240 3 242
0 243 3 245
0 246 3 248
4 0 7 2
4 3 7 5
4 6 7 8
4 9 7 11
4 12 7 14
4 15 7 17
4 21 7 23
4 24 7 26
4 27 7 29
4 30 7 32
4 33 7 35
4 36 7 38
4 39 7 41
4 42 7 44
4 51 7 53
4 54 7 56
4 57 7 59
4 60 7 62
4 63 7 65
4 66 7 68
4 72 7 74
4 75 7 77
4 78 7 80
4 87 7 89
4 90 7 92
4 93 7 95
4 96 7 98
4 108 7 110
4 111 7 113
4 114 7 116
4 117 7 119
4 120 7 122
4 123 7 125
4 126 7 128
4 129 7 131
4 132 7 134
4 135 7 137
4 138 7 140
4 144 7 146
4 147 7 149
4 150 7 152
4 153 7 155
4 156 7 158
4 159 7 161
4 162 7 164
4 165 7 167
4 168 7 170
4 171 7 173
4 174 7 176
4 177 7 179
4 180 7 182
4 183 7 185
4 186 7 188
4 189 7 191
4 192 7 194
4 195 7 197
4 198 7 200
4 201 7 203
4 204 7 206
4 207 7 209
4 210 7 212
4 213 7 215
4 219 7 221
4 222 7 224
4 228 7 230
4 231 7 233
4 234 7 236
4 240 7 242
4 243 7 245
4 246 7 248
8 0 11 2
8 3 11 5
8 9 11 11
8 12 11 14
8 15 11 17
8 18 11 20
8 21 11 23
8 24 11 26
8 27 11 29
8 30 11 32
8 33 11 35
8 36 11 38
8 39 11 41
8 42 11 44
8 45 11 47
8 48 11 50
8 51 11 53
8 54 11 56
8 57 11 59
8 60 11 62
8 63 11 65
8 66 11 68
8 69 11 71
8 72 11 74
8 75 11 77
8 78 11 80
8 81 11 83
8 84 11 86
8 87 11 89
8 90 11 92
8 93 11 95
8 96 11 98
8 99 11 101
8 105 11 107
8 108 11 110
8 111 11 113
8 114 11 116
8 117 11 119
8 120 11 122
8 123 11 125
8 129 11 131
8 132 11 134
8 135 11 137
8 141 11 143
8 147 11 149
8 150 11 152
8 153 11 155
8 156 11 158
8 159 11 161
8 162 11 164
8 165 11 167
8 168 11 170
8 171 11 173
8 174 11 176
8 180 11 182
8 183 11 185
8 186 11 188
8 189 11 191
8 195 11 197
8 198 11 200
8 201 11 203
8 204 11 206
8 207 11 209
8 210 11 212
8 213 11 215
8 216 11 218
8 219 11 221
8 222 11 224
8 225 11 227
8 231 11 233
8 237 11 239
8 240 11 242
8 243 11 245
8 246 11 248
12 6 15 8
12 9 15 11
12 12 15 14
12 15 15 17
12 18 15 20
12 21 15 23
12 24 15 26
12 27 15 29
12 30 15 32
12 33 15 35
12 42 15 44
12 45 15 47
12 48 15 50
12 51 15 53
12 54 15 56
12 57 15 59
12 60 15 62
12 63 15 65
12 66 15 68
12 72 15 74
12 75 15 77
12 87 15 89
12 90 15 92
12 93 15 95
12 96 15 98
12 99 15 101
12 102 15 104
12 105 15 107
12 111 15 113
12 114 15 116
12 117 15 119
12 120 15 122
12 123 15 125
12 126 15 128
12 132 15 134
12 135 15 137
12 141 15 143
12 144 15 146
12 147 15 149
12 150 15 152
12 156 15 158
12 159 15 161
12 162 15 164
12 165 15 167
12 168 15 170
12 171 15 173
12 174 15 176
12 177 15 179
12 180 15 182
12 186 15 188
12 189 15 191
12 192 15 194
12 195 15 197
12 198 15 200
12 204 15 206
12 207 15 209
12 210 15 212
12 216 15 218
12 228 15 230
12 231 15 233
12 234 15 236
12 237 15 239
12 240 15 242
12 243 15 245
16 3 19 5
16 6 19 8
16 9 19 11
16 15 19 17
16 18 19 20
16 21 19 23
16 24 19 26
16 27 19 29
16 30 19 32
16 33 19 35
16 36 19 38
16 39 19 41
16 42 19 44
16 45 19 47
16 48 19 50
16 51 19 53
16 54 19 56
16 57 19 59
16 60 19 62
16 66 19 68
16 69 19 71
16 72 19 74
16 75 19 77
16 78 19 80
16 81 19 83
16 84 19 86
16 87 19 89
16 90 19 92
16 93 19 95
16 96 19 98
16 102 19 104
16 105 19 107
16 108 19 110
16 111 19 113
16 114 19 116
16 117 19 119
16 120 19 122
16 123 19 125
16 126 19 128
16 129 19 131
16 132 19 134
16 138 19 140
16 141 19 143
16 147 19 149
16 150 19 152
16 153 19 155
16 156 19 158
16 159 19 161
16 162 19 164
16 165 19 167
16 168 19 170
16 171 19 173
16 174 19 176
16 177 19 179
16 180 19 182
16 186 19 188
16 189 19 191
16 195 19 197
16 198 19 200
16 201 19 203
16 204 19 206
16 210 19 212
16 213 19 215
16 216 19 218
16 219 19 221
16 222 19 224
16 225 19 227
16 231 19 233
16 234 19 236
16 237 19 239
16 240 19 242
16 243 19 245
16 246 19 248
20 0 23 2
20 3 23 5
20 9 23 11
20 12 23 14
20 15 23 17
20 18 23 20
20 21 23 23
20 24 23 26
20 27 23 29
20 36 23 38
20 39 23 41
20 42 23 44
20 48 23 50
20 51 23 53
20 54 23 56
20 57 23 59
20 60 23 62
20 63 23 65
20 66 23 68
20 69 23 71
20 72 23 74
20 75 23 77
20 78 23 80
20 81 23 83
20 84 23 86
20 87 23 89
20 90 23 92
20 93 23 95
20 96 23 98
20 99 23 101
20 102 23 104
20 105 23 107
20 108 23 110
20 111 23 113
20 114 23 116
20 120 23 122
20 123 23 125
20 129 23 131
20 132 23 134
20 135 23 137
20 138 23 140
20 141 23 143
20 144 23 146
20 147 23 149
20 150 23 152
20 153 23 155
20 156 23 158
20 159 23 161
20 162 23 164
20 165 23 167
20 168 23 170
20 171 23 173
20 180 23 182
20 183 23 185
20 186 23 188
20 189 23 191
20 195 23 197
20 198 23 200
20 201 23 203
20 204 23 206
20 207 23 209
20 210 23 212
20 213 23 215
20 219 23 221
20 222 23 224
20 225 23 227
20 228 23 230
20 231 23 233
20 234 23 236
20 237 23 239
20 246 23 248
24 3 27 5
24 6 27 8
24 9 27 11
24 12 27 14
24 15 27 17
24 18 27 20
24 24 27 26
24 30 27 32
24 36 27 38
24 39 27 41
24 42 27 44
24 48 27 50
24 54 27 56
24 57 27 59
24 60 27 62
24 63 27 65
24 66 27 68
24 69 27 71
24 72 27 74
24 75 27 77
24 78 27 80
24 81 27 83
24 84 27 86
24 87 27 89
24 90 27 92
24 93 27 95
24 96 27 98
24 99 27 101
24 102 27 104
24 105 27 107
24 108 27 110
24 111 27 113
24 114 27 116
24 117 27 119
24 123 27 125
24 126 27 128
24 129 27 131
24 132 27 134
24 135 27 137
24 138 27 140
24 141 27 143
24 147 27 149
24 150 27 152
24 153 27 155
24 156 27 158
24 159 27 161
24 162 27 164
24 165 27 167
24 168 27 170
24 171 27 173
24 174 27 176
24 177 27 179
24 180 27 182
24 183 27 185
24 186 27 188
24 189 27 191
24 192 27 194
24 198 27 200
24 207 27 209
24 210 27 212
24 213 27 215
24 216 27 218
24 219 27 221
24 222 27 224
24 225 27 227
24 231 27 233
24 234 27 236
24 237 27 239
24 240 27 242
24 243 27 245
24 246 27 248
28 0 31 2
28 6 31 8
28 9 31 11
28 15 31 17
28 21 31 23
28 24 31 26
28 27 31 29
28 33 31 35
28 36 31 38
28 39 31 41
28 45 31 47
28 48 31 50
28 51 31 53
28 54 31 56
28 57 31 59
28 60 31 62
28 63 31 65
28 69 31 71
28 72 31 74
28 75 31 77
28 78 31 80
28 84 31 86
28 90 31 92
28 93 31 95
28 96 31 98
28 99 31 101
28 102 31 104
28 105 31 107
28 108 31 110
28 111 31 113
28 114 31 116
28 117 31 119
28 120 31 122
28 132 31 134
28 135 31 137
28 138 31 140
28 141 31 143
28 144 31 146
28 147 31 149
28 150 31 152
28 153 31 155
28 156 31 158
28 162 31 164
28 165 31 167
28 168 31 170
28 171 31 173
28 174 31 176
28 177 31 179
28 180 31 182
28 183 31 185
28 186 31 188
28 189 31 191
28 192 31 194
28 195 31 197
28 198 31 200
28 201 31 203
28 204 31 206
28 207 31 209
28 210 31 212
28 213 31 215
28 216 31 218
28 219 31 221
28 225 31 227
28 228 31 230
28 231 31 233
28 234 31 236
28 240 31 242
32 0 35 2
32 3 35 5
32 9 35 11
32 12 35 14
32 15 35 17
32 18 35 20
32 21 35 23
32 24 35 26
32 27 35 29
32 30 35 32
32 36 35 38
32 39 35 41
32 42 35 44
32 48 35 50
32 51 35 53
32 54 35 56
32 57 35 59
32 60 35 62
32 63 35 65
32 66 35 68
32 69 35 71
32 72 35 74
32 75 35 77
32 78 35 80
32 81 35 83
32 84 35 86
32 87 35 89
32 93 35 95
32 96 35 98
32 99 35 101
32 102 35 104
32 108 35 110
32 111 35 113
32 114 35 116
32 117 35 119
32 120 35 122
32 123 35 125
32 126 35 128
32 129 35 131
32 135 35 137
32 138 35 140
32 141 35 143
32 144 35 146
32 150 35 152
32 153 35 155
32 156 35 158
32 159 35 161
32 165 35 167
32 168 35 170
32 171 35 173
32 174 35 176
32 177 35 179
32 183 35 185
32 186 35 188
32 189 35 191
32 192 35 194
32 195 35 197
32 201 35 203
32 204 35 206
32 210 35 212
32 213 35 215
32 216 35 218
32 219 35 221
32 225 35 227
32 228 35 230
32 231 35 233
32 234 35 236
32 237 35 239
32 240 35 242
32 246 35 248
36 0 39 2
36 3 39 5
36 6 39 8
36 9 39 11
36 12 39 14
36 18 39 20
36 21 39 23
36 24 39 26
36 27 39 29
36 30 39 32
36 33 39 35
36 36 39 38
36 42 39 44
36 48 39 50
36 51 39 53
36 54 39 56
36 57 39 59
36 60 39 62
36 63 39 65
36 66 39 68
36 69 39 71
36 72 39 74
36 75 39 77
36 78 39 80
36 81 39 83
36 84 39 86
36 87 39 89
36 90 39 92
36 93 39 95
36 99 39 101
36 102 39 104
36 105 39 107
36 111 39 113
36 114 39 116
36 120 39 122
36 123 39 125
36 126 39 128
36 129 39 131
36 132 39 134
36 135 39 137
36 138 39 140
36 141 39 143
36 144 39 146
36 147 39 149
36 150 39 152
36 153 39 155
36 156 39 158
36 162 39 164
36 165 39 167
36 168 39 170
36 171 39 173
36 174 39 176
36 177 39 179
36 180 39 182
36 183 39 185
36 186 39 188
36 189 39 191
36 192 39 194
36 195 39 197
36 198 39 200
36 201 39 203
36 204 39 206
36 207 39 209
36 210 39 212
36 213 39 215
36 216 39 218
36 219 39 221
36 228 39 230
36 231 39 233
36 234 39 236
36 237 39 239
36 240 39 242
36 243 39 245
36 246 39 248
40 3 43 5
40 6 43 8
40 9 43 11
40 12 43 14
40 15 43 17
40 18 43 20
40 21 43 23
40 24 43 26
40 27 43 29
40 30 43 32
40 33 43 35
40 36 43 38
40 42 43 44
40 45 43 47
40 51 43 53
40 54 43 56
40 57 43 59
40 60 43 62
40 63 43 65
40 66 43 68
40 69 43 71
40 72 43 74
40 75 43 77
40 78 43 80
40 81 43 83
40 84 43 86
40 87 43 89
40 90 43 92
40 93 43 95
40 99 43 101
40 102 43 104
40 105 43 107
40 108 43 110
40 111 43 113
40 114 43 116
40 120 43 122
40 123 43 125
40 129 43 131
40 132 43 134
40 135 43 137
40 138 43 140
40 141 43 143
40 147 43 149
40 150 43 152
40 153 43 155
40 156 43 158
40 159 43 161
40 162 43 164
40 165 43 167
40 168 43 170
40 171 43 173
40 174 43 176
40 177 43 179
40 183 43 185
40 186 43 188
40 189 43 191
40 192 43 194
40 195 43 197
40 198 43 200
40 201 43 203
40 204 43 206
40 207 43 209
40 213 43 215
40 219 43 221
40 222 43 224
40 225 43 227
40 231 43 233
40 234 43 236
40 237 43 239
40 243 43 245
40 246 43 248
44 0 47 2
44 3 47 5
44 6 47 8
44 9 47 11
44 12 47 14
44 15 47 17
44 18 47 20
44 21 47 23
44 24 47 26
44 27 47 29
44 30 47 32
44 36 47 38
44 39 47 41
44 42 47 44
44 45 47 47
44 48 47 50
44 51 47 53
44 54 47 56
44 57 47 59
44 63 47 65
44 66 47 68
44 69 47 71
44 72 47 74
44 75 47 77
44 78 47 80
44 81 47 83
44 84 47 86
44 87 47 89
44 90 47 92
44 93 47 95
44 96 47 98
44 99 47 101
44 105 47 107
44 108 47 110
44 111 47 113
44 114 47 116
44 117 47 119
44 120 47 122
44 123 47 125
44 126 47 128
44 129 47 131
44 132 47 134
44 135 47 137
44 138 47 140
44 141 47 143
44 144 47 146
44 147 47 149
44 150 47 152
44 156 47 158
44 159 47 161
44 162 47 164
44 165 47 167
44 168 47 170
44 171 47 173
44 174 47 176
44 180 47 182
44 183 47 185
44 186 47 188
44 189 47 191
44 192 47 194
44 195 47 197
44 198 47 200
44 201 47 203
44 204 47 206
44 207 47 209
44 210 47 212
44 213 47 215
44 216 47 218
44 219 47 221
44 222 47 224
44 225 47 227
44 228 47 230
44 231 47 233
44 240 47 242
44 246 47 248
48 0 51 2
48 3 51 5
48 6 51 8
48 9 51 11
48 12 51 14
48 15 51 17
48 21 51 23
48 24 51 26
48 30 51 32
48 33 51 35
48 36 51 38
48 39 51 41
48 42 51 44
48 45 51 47
48 48 51 50
48 51 51 53
48 57 51 59
48 60 51 62
48 63 51 65
48 66 51 68
48 69 51 71
48 72 51 74
48 75 51 77
48 78 51 80
48 81 51 83
48 84 51 86
48 87 51 89
48 90 51 92
48 93 51 95
48 96 51 98
48 99 51 101
48 108 51 110
48 111 51 113
48 117 51 119
48 120 51 122
48 123 51 125
48 126 51 128
48 129 51 131
48 132 51 134
48 135 51 137
48 138 51 140
48 141 51 143
48 144 51 146
48 150 51 152
48 156 51 158
48 159 51 161
48 162 51 164
48 165 51 167
48 168 51 170
48 171 51 173
48 174 51 176
48 180 51 182
48 183 51 185
48 189 51 191
48 192 51 194
48 195 51 197
48 198 51 200
48 201 51 203
48 204 51 206
48 210 51 212
48 213 51 215
48 216 51 218
48 219 51 221
48 222 51 224
48 225 51 227
48 228 51 230
48 231 51 233
48 240 51 242
48 246 51 248
52 0 55 2
52 3 55 5
52 6 55 8
52 9 55 11
52 12 55 14
52 15 55 17
52 18 55 20
52 21 55 23
52 24 55 26
52 27 55 29
52 33 55 35
52 36 55 38
52 39 55 41
52 42 55 44
52 45 55 47
52 48 55 50
52 51 55 53
52 54 55 56
52 57 55 59
52 60 55 62
52 63 55 65
52 66 55 68
52 72 55 74
52 75 55 77
52 78 55 80
52 81 55 83
52 84 55 86
52 87 55 89
52 90 55 92
52 93 55 95
52 96 55 98
52 99 55 101
52 102 55 104
52 105 55 107
52 108 55 110
52 111 55 113
52 117 55 119
52 120 55 122
52 123 55 125
52 126 55 128
52 129 55 131
52 132 55 134
52 135 55 137
52 138 55 140
52 144 55 146
52 147 55 149
52 150 55 152
52 153 55 155
52 156 55 158
52 159 55 161
52 162 55 164
52 165 55 167
52 168 55 170
52 171 55 173
52 174 55 176
52 177 55 179
52 180 55 182
52 183 55 185
52 186 55 188
52 192 55 194
52 195 55 197
52 198 55 200
52 201 55 203
52 204 55 206
52 207 55 209
52 210 55 212
52 213 55 215
52 216 55 218
52 219 55 221
52 222 55 224
52 225 55 227
52 228 55 230
52 231 55 233
52 234 55 236
52 243 55 245
52 246 55 248
56 0 59 2
56 3 59 5
56 6 59 8
56 9 59 11
56 12 59 14
56 18 59 20
56 24 59 26
56 30 59 32
56 33 59 35
56 36 59 38
56 39 59 41
56 42 59 44
56 51 59 53
56 54 59 56
56 57 59 59
56 60 59 62
56 63 59 65
56 66 59 68
56 69 59 71
56 72 59 74
56 75 59 77
56 78 59 80
56 84 59 86
56 87 59 89
56 93 59 95
56 96 59 98
56 99 59 101
56 102 59 104
56 105 59 107
56 108 59 110
56 114 59 116
56 117 59 119
56 120 59 122
56 123 59 125
56 126 59 128
56 129 59 131
56 132 59 134
56 135 59 137
56 138 59 140
56 141 59 143
56 144 59 146
56 147 59 149
56 150 59 152
56 153 59 155
56 156 59 158
56 162 59 164
56 165 59 167
56 168 59 170
56 174 59 176
56 177 59 179
56 180 59 182
56 183 59 185
56 186 59 188
56 189 59 191
56 192 59 194
56 195 59 197
56 198 59 200
56 201 59 203
56 204 59 206
56 207 59 209
56 210 59 212
56 213 59 215
56 219 59 221
56 222 59 224
56 228 59 230
56 231 59 233
56 234 59 236
56 237 59 239
56 240 59 242
56 243 59 245
56 246 59 248
60 3 63 5
60 6 63 8
60 9 63 11
60 12 63 14
60 18 63 20
60 21 63 23
60 24 63 26
60 27 63 29
60 33 63 35
60 36 63 38
60 39 63 41
60 42 63 44
60 45 63 47
60 48 63 50
60 51 63 53
60 54 63 56
60 57 63 59
60 60 63 62
60 66 63 68
60 69 63 71
60 72 63 74
60 75 63 77
60 78 63 80
60 81 63 83
60 84 63 86
60 87 63 89
60 90 63 92
60 93 63 95
60 96 63 98
60 99 63 101
60 102 63 104
60 105 63 107
60 108 63 110
60 123 63 125
60 126 63 128
60 129 63 131
60 132 63 134
60 135 63 137
60 138 63 140
60 141 63 143
60 144 63 146
60 153 63 155
60 156 63 158
60 159 63 161
60 162 63 164
60 168 63 170
60 174 63 176
60 180 63 182
60 183 63 185
60 186 63 188
60 189 63 191
60 192 63 194
60 195 63 197
60 198 63 200
60 201 63 203
60 204 63 206
60 207 63 209
60 210 63 212
60 216 63 218
60 219 63 221
60 222 63 224
60 225 63 227
60 228 63 230
60 231 63 233
60 237 63 239
60 240 63 242
60 243 63 245
60 246 63 248
64 0 67 2
64 6 67 8
64 9 67 11
64 12 67 14
64 18 67 20
64 21 67 23
64 24 67 26
64 27 67 29
64 30 67 32
64 33 67 35
64 36 67 38
64 42 67 44
64 45 67 47
64 48 67 50
64 51 67 53
64 54 67 56
64 60 67 62
64 63 67 65
64 66 67 68
64 69 67 71
64 72 67 74
64 75 67 77
64 84 67 86
64 87 67 89
64 90 67 92
64 93 67 95
64 96 67 98
64 99 67 101
64 102 67 104
64 105 67 107
64 114 67 116
64 120 67 122
64 123 67 125
64 126 67 128
64 129 67 131
64 132 67 134
64 135 67 137
64 138 67 140
64 141 67 143
64 144 67 146
64 147 67 149
64 150 67 152
64 153 67 155
64 156 67 158
64 159 67 161
64 165 67 167
64 168 67 170
64 171 67 173
64 174 67 176
64 177 67 179
64 180 67 182
64 183 67 185
64 186 67 188
64 189 67 191
64 192 67 194
64 195 67 197
64 201 67 203
64 204 67 206
64 207 67 209
64 210 67 212
64 216 67 218
64 219 67 221
64 222 67 224
64 225 67 227
64 231 67 233
64 240 67 242
64 243 67 245
64 246 67 248
68 0 71 2
68 3 71 5
68 6 71 8
68 9 71 11
68 12 71 14
68 15 71 17
68 18 71 20
68 24 71 26
68 27 71 29
68 30 71 32
68 33 71 35
68 39 71 41
68 48 71 50
68 51 71 53
68 54 71 56
68 57 71 59
68 60 71 62
68 63 71 65
68 66 71 68
68 69 71 71
68 72 71 74
68 75 71 77
68 78 71 80
68 81 71 83
68 84 71 86
68 87 71 89
68 90 71 92
68 93 71 95
68 96 71 98
68 99 71 101
68 102 71 104
68 105 71 107
68 108 71 110
68 111 71 113
68 114 71 116
68 117 71 119
68 120 71 122
68 126 71 128
68 129 71 131
68 132 71 134
68 138 71 140
68 141 71 143
68 144 71 146
68 147 71 149
68 150 71 152
68 153 71 155
68 156 71 158
68 159 71 161
68 162 71 164
68 165 71 167
68 168 71 170
68 171 71 173
68 174 71 176
68 177 71 179
68 180 71 182
68 183 71 185
68 186 71 188
68 189 71 191
68 192 71 194
68 195 71 197
68 198 71 200
68 201 71 203
68 204 71 206
68 207 71 209
68 213 71 215
68 216 71 218
68 219 71 221
68 225 71 227
68 228 71 230
68 237 71 239
68 240 71 242
68 243 71 245
68 246 71 248
72 0 75 2
72 3 75 5
72 6 75 8
72 9 75 11
72 12 75 14
72 15 75 17
72 18 75 20
72 21 75 23
72 24 75 26
72 27 75 29
72 33 75 35
72 36 75 38
72 39 75 41
72 42 75 44
72 45 75 47
72 48 75 50
72 54 75 56
72 57 75 59
72 60 75 62
72 63 75 65
72 66 75 68
72 72 75 74
72 75 75 77
72 78 75 80
72 81 75 83
72 84 75 86
72 87 75 89
72 90 75 92
72 96 75 98
72 102 75 104
72 105 75 107
72 111 75 113
72 114 75 116
72 120 75 122
72 126 75 128
72 129 75 131
72 132 75 134
72 138 75 140
72 144 75 146
72 150 75 152
72 159 75 161
72 162 75 164
72 165 75 167
72 168 75 170
72 171 75 173
72 174 75 176
72 177 75 179
72 180 75 182
72 183 75 185
72 186 75 188
72 192 75 194
72 195 75 197
72 198 75 200
72 201 75 203
72 204 75 206
72 207 75 209
72 210 75 212
72 213 75 215
72 216 75 218
72 219 75 221
72 222 75 224
72 225 75 227
72 234 75 236
72 237 75 239
72 240 75 242
72 243 75 245
72 246 75 248
76 0 79 2
76 3 79 5
76 6 79 8
76 9 79 11
76 15 79 17
76 18 79 20
76 21 79 23
76 24 79 26
76 27 79 29
76 30 79 32
76 33 79 35
76 36 79 38
76 39 79 41
76 42 79 44
76 45 79 47
76 48 79 50
76 51 79 53
76 54 79 56
76 60 79 62
76 63 79 65
76 66 79 68
76 69 79 71
76 72 79 74
76 78 79 80
76 81 79 83
76 84 79 86
76 90 79 92
76 93 79 95
76 96 79 98
76 99 79 101
76 102 79 104
76 105 79 107
76 108 79 110
76 111 79 113
76 114 79 116
76 117 79 119
76 126 79 128
76 129 79 131
76 132 79 134
76 135 79 137
76 141 79 143
76 144 79 146
76 147 79 149
76 153 79 155
76 156 79 158
76 159 79 161
76 162 79 164
76 165 79 167
76 168 79 170
76 171 79 173
76 177 79 179
76 180 79 182
76 183 79 185
76 186 79 188
76 189 79 191
76 195 79 197
76 198 79 200
76 201 79 203
76 207 79 209
76 210 79 212
76 216 79 218
76 219 79 221
76 222 79 224
76 225 79 227
76 234 79 236
76 237 79 239
76 243 79 245
76 246 79 248
80 0 83 2
80 3 83 5
80 6 83 8
80 9 83 11
80 12 83 14
80 15 83 17
80 18 83 20
80 21 83 23
80 24 83 26
80 27 83 29
80 30 83 32
80 33 83 35
80 36 83 38
80 39 83 41
80 45 83 47
80 48 83 50
80 51 83 53
80 54 83 56
80 57 83 59
80 60 83 62
80 63 83 65
80 66 83 68
80 69 83 71
80 72 83 74
80 75 83 77
80 78 83 80
80 84 83 86
80 87 83 89
80 90 83 92
80 93 83 95
80 99 83 101
80 102 83 104
80 105 83 107
80 111 83 113
80 126 83 128
80 129 83 131
80 132 83 134
80 135 83 137
80 138 83 140
80 141 83 143
80 144 83 146
80 147 83 149
80 150 83 152
80 153 83 155
80 162 83 164
80 165 83 167
80 168 83 170
80 171 83 173
80 174 83 176
80 177 83 179
80 186 83 188
80 189 83 191
80 192 83 194
80 198 83 200
80 201 83 203
80 204 83 206
80 207 83 209
80 210 83 212
80 213 83 215
80 216 83 218
80 219 83 221
80 222 83 224
80 225 83 227
80 228 83 230
80 231 83 233
80 234 83 236
80 240 83 242
80 243 83 245
84 0 87 2
84 3 87 5
84 6 87 8
84 9 87 11
84 15 87 17
84 18 87 20
84 21 87 23
84 24 87 26
84 27 87 29
84 33 87 35
84 36 87 38
84 39 87 41
84 42 87 44
84 45 87 47
84 48 87 50
84 51 87 53
84 57 87 59
84 60 87 62
84 63 87 65
84 66 87 68
84 72 87 74
84 78 87 80
84 81 87 83
84 84 87 86
84 87 87 89
84 90 87 92
84 96 87 98
84 99 87 101
84 102 87 104
84 105 87 107
84 108 87 110
84 111 87 113
84 120 87 122
84 126 87 128
84 129 87 131
84 132 87 134
84 135 87 137
84 138 87 140
84 144 87 146
84 147 87 149
84 153 87 155
84 156 87 158
84 159 87 161
84 165 87 167
84 168 87 170
84 171 87 173
84 174 87 176
84 177 87 179
84 180 87 182
84 183 87 185
84 186 87 188
84 189 87 191
84 192 87 194
84 195 87 197
84 198 87 200
84 201 87 203
84 204 87 206
84 207 87 209
84 210 87 212
84 213 87 215
84 216 87 218
84 219 87 221
84 228 87 230
84 231 87 233
84 234 87 236
84 237 87 239
84 240 87 242
84 243 87 245
84 246 87 248
88 0 91 2
88 3 91 5
88 6 91 8
88 9 91 11
88 15 91 17
88 18 91 20
88 21 91 23
88 27 91 29
88 30 91 32
88 33 91 35
88 36 91 38
88 39 91 41
88 45 91 47
88 48 91 50
88 54 91 56
88 57 91 59
88 60 91 62
88 72 91 74
88 75 91 77
88 78 91 80
88 81 91 83
88 84 91 86
88 87 91 89
88 90 91 92
88 93 91 95
88 96 91 98
88 99 91 101
88 102 91 104
88 105 91 107
88 108 91 110
88 111 91 113
88 114 91 116
88 120 91 122
88 123 91 125
88 126 91 128
88 129 91 131
88 132 91 134
88 135 91 137
88 138 91 140
88 141 91 143
88 144 91 146
88 147 91 149
88 150 91 152
88 153 91 155
88 156 91 158
88 159 91 161
88 162 91 164
88 165 91 167
88 168 91 170
88 171 91 173
88 174 91 176
88 177 91 179
88 180 91 182
88 183 91 185
88 186 91 188
88 189 91 191
88 198 91 200
88 201 91 203
88 204 91 206
88 210 91 212
88 213 91 215
88 216 91 218
88 219 91 221
88 225 91 227
88 228 91 230
88 231 91 233
88 234 91 236
88 237 91 239
88 240 91 242
88 243 91 245
88 246 91 248
92 0 95 2
92 6 95 8
92 9 95 11
92 12 95 14
92 15 95 17
92 18 95 20
92 21 95 23
92 24 95 26
92 27 95 29
92 30 95 32
92 33 95 35
92 36 95 38
92 39 95 41
92 42 95 44
92 45 95 47
92 48 95 50
92 51 95 53
92 54 95 56
92 57 95 59
92 60 95 62
92 63 95 65
92 66 95 68
92 69 95 71
92 72 95 74
92 75 95 77
92 78 95 80
92 81 95 83
92 84 95 86
92 87 95 89
92 90 95 92
92 96 95 98
92 102 95 104
92 105 95 107
92 108 95 110
92 111 95 113
92 114 95 116
92 117 95 119
92 123 95 125
92 126 95 128
92 129 95 131
92 132 95 134
92 135 95 137
92 138 95 140
92 141 95 143
92 147 95 149
92 153 95 155
92 156 95 158
92 159 95 161
92 162 95 164
92 165 95 167
92 168 95 170
92 171 95 173
92 174 95 176
92 177 95 179
92 180 95 182
92 183 95 185
92 192 95 194
92 195 95 197
92 198 95 200
92 201 95 203
92 204 95 206
92 207 95 209
92 210 95 212
92 213 95 215
92 222 95 224
92 225 95 227
92 228 95 230
92 231 95 233
92 234 95 236
92 237 95 239
92 240 95 242
92 243 95 245
92 246 95 248
96 3 99 5
96 6 99 8
96 9 99 11
96 12 99 14
96 15 99 17
96 18 99 20
96 21 99 23
96 24 99 26
96 27 99 29
96 30 99 32
96 33 99 35
96 36 99 38
96 39 99 41
96 42 99 44
96 45 99 47
96 48 99 50
96 51 99 53
96 60 99 62
96 63 99 65
96 66 99 68
96 72 99 74
96 78 99 80
96 81 99 83
96 84 99 86
96 87 99 89
96 90 99 92
96 93 99 95
96 96 99 98
96 99 99 101
96 102 99 104
96 105 99 107
96 108 99 110
96 111 99 113
96 120 99 122
96 126 99 128
96 129 99 131
96 132 99 134
96 135 99 137
96 138 99 140
96 141 99 143
96 144 99 146
96 147 99 149
96 150 99 152
96 156 99 158
96 159 99 161
96 162 99 164
96 168 99 170
96 171 99 173
96 174 99 176
96 177 99 179
96 180 99 182
96 186 99 188
96 189 99 191
96 192 99 194
96 195 99 197
96 198 99 200
96 204 99 206
96 207 99 209
96 210 99 212
96 213 99 215
96 216 99 218
96 219 99 221
96 225 99 227
96 228 99 230
96 231 99 233
96 234 99 236
96 237 99 239
96 240 99 242
96 243 99 245
96 246 99 248
100 0 103 2
100 3 103 5
100 6 103 8
100 9 103 11
100 12 103 14
100 15 103 17
100 18 103 20
100 24 103 26
100 27 103 29
100 30 103 32
100 33 103 35
100 36 103 38
100 39 103 41
100 45 103 47
100 48 103 50
100 51 103 53
100 54 103 56
100 57 103 59
100 60 103 62
100 63 103 65
100 66 103 68
100 78 103 80
100 81 103 83
100 84 103 86
100 87 103 89
100 90 103 92
100 93 103 95
100 96 103 98
100 99 103 101
100 105 103 107
100 108 103 110
100 111 103 113
100 114 103 116
100 117 103 119
100 120 103 122
100 123 103 125
100 126 103 128
100 129 103 131
100 132 103 134
100 135 103 137
100 138 103 140
100 141 103 143
100 144 103 146
100 147 103 149
100 153 103 155
100 156 103 158
100 159 103 161
100 165 103 167
100 168 103 170
100 177 103 179
100 180 103 182
100 183 103 185
100 186 103 188
100 189 103 191
100 192 103 194
100 195 103 197
100 198 103 200
100 201 103 203
100 207 103 209
100 210 103 212
100 213 103 215
100 216 103 218
100 219 103 221
100 222 103 224
100 225 103 227
100 228 103 230
100 231 103 233
100 234 103 236
100 237 103 239
100 240 103 242
100 243 103 245
104 0 107 2
104 6 107 8
104 9 107 11
104 12 107 14
104 15 107 17
104 18 107 20
104 21 107 23
104 24 107 26
104 27 107 29
104 30 107 32
104 33 107 35
104 36 107 38
104 39 107 41
104 42 107 44
104 48 107 50
104 51 107 53
104 54 107 56
104 57 107 59
104 60 107 62
104 63 107 65
104 66 107 68
104 69 107 71
104 75 107 77
104 78 107 80
104 81 107 83
104 84 107 86
104 87 107 89
104 90 107 92
104 93 107 95
104 96 107 98
104 99 107 101
104 105 107 107
104 108 107 110
104 111 107 113
104 114 107 116
104 120 107 122
104 123 107 125
104 126 107 128
104 129 107 131
104 132 107 134
104 135 107 137
104 138 107 140
104 141 107 143
104 144 107 146
104 147 107 149
104 150 107 152
104 156 107 158
104 162 107 164
104 165 107 167
104 177 107 179
104 180 107 182
104 183 107 185
104 186 107 188
104 189 107 191
104 192 107 194
104 195 107 197
104 198 107 200
104 201 107 203
104 204 107 206
104 207 107 209
104 210 107 212
104 213 107 215
104 219 107 221
104 222 107 224
104 225 107 227
104 231 107 233
104 234 107 236
104 237 107 239
104 240 107 242
104 243 107 245
104 246 107 248
108 0 111 2
108 3 111 5
108 6 111 8
108 9 111 11
108 12 111 14
108 15 111 17
108 18 111 20
108 21 111 23
108 24 111 26
108 27 111 29
108 30 111 32
108 33 111 35
108 39 111 41
108 42 111 44
108 45 111 47
108 48 111 50
108 51 111 53
108 57 111 59
108 60 111 62
108 66 111 68
108 69 111 71
108 72 111 74
108 75 111 77
108 78 111 80
108 81 111 83
108 87 111 89
108 90 111 92
108 93 111 95
108 96 111 98
108 99 111 101
108 102 111 104
108 105 111 107
108 108 111 110
108 111 111 113
108 114 111 116
108 117 111 119
108 120 111 122
108 123 111 125
108 126 111 128
108 129 111 131
108 132 111 134
108 135 111 137
108 138 111 140
108 141 111 143
108 147 111 149
108 150 111 152
108 153 111 155
108 156 111 158
108 159 111 161
108 162 111 164
108 165 111 167
108 168 111 170
108 171 111 173
108 174 111 176
108 180 111 182
108 183 111 185
108 186 111 188
108 189 111 191
108 192 111 194
108 195 111 197
108 198 111 200
108 201 111 203
108 204 111 206
108 207 111 209
108 210 111 212
108 213 111 215
108 216 111 218
108 219 111 221
108 222 111 224
108 225 111 227
108 228 111 230
108 234 111 236
108 240 111 242
108 243 111 245
108 246 111 248
112 0 115 2
112 3 115 5
112 6 115 8
112 9 115 11
112 12 115 14
112 15 115 17
112 18 115 20
112 21 115 23
112 24 115 26
112 27 115 29
112 30 115 32
112 33 115 35
112 36 115 38
112 39 115 41
112 42 115 44
112 45 115 47
112 51 115 53
112 54 115 56
112 57 115 59
112 60 115 62
112 66 115 68
112 69 115 71
112 72 115 74
112 75 115 77
112 78 115 80
112 81 115 83
112 84 115 86
112 87 115 89
112 90 115 92
112 96 115 98
112 99 115 101
112 102 115 104
112 105 115 107
112 111 115 113
112 114 115 116
112 117 115 119
112 120 115 122
112 123 115 125
112 126 115 128
112 129 115 131
112 132 115 134
112 135 115 137
112 138 115 140
112 144 115 146
112 147 115 149
112 150 115 152
112 153 115 155
112 156 115 158
112 159 115 161
112 165 115 167
112 168 115 170
112 171 115 173
112 174 115 176
112 177 115 179
112 180 115 182
112 183 115 185
112 186 115 188
112 189 115 191
112 195 115 197
112 198 115 200
112 201 115 203
112 204 115 206
112 207 115 209
112 210 115 212
112 213 115 215
112 216 115 218
112 225 115 227
112 228 115 230
112 231 115 233
112 234 115 236
112 237 115 239
112 240 115 242
112 243 115 245
112 246 115 248
116 0 119 2
116 3 119 5
116 6 119 8
116 9 119 11
116 18 119 20
116 21 119 23
116 24 119 26
116 27 119 29
116 30 119 32
116 33 119 35
116 36 119 38
116 39 119 41
116 42 119 44
116 45 119 47
116 48 119 50
116 51 119 53
116 54 119 56
116 60 119 62
116 63 119 65
116 66 119 68
116 69 119 71
116 72 119 74
116 78 119 80
116 81 119 83
116 84 119 86
116 87 119 89
116 90 119 92
116 93 119 95
116 96 119 98
116 99 119 101
116 102 119 104
116 105 119 107
116 108 119 110
116 111 119 113
116 114 119 116
116 117 119 119
116 120 119 122
116 123 119 125
116 126 119 128
116 129 119 131
116 132 119 134
116 135 119 137
116 138 119 140
116 141 119 143
116 144 119 146
116 147 119 149
116 150 119 152
116 156 119 158
116 159 119 161
116 165 119 167
116 168 119 170
116 171 119 173
116 174 119 176
116 180 119 182
116 183 119 185
116 186 119 188
116 189 119 191
116 192 119 194
116 195 119 197
116 198 119 200
116 204 119 206
116 207 119 209
116 210 119 212
116 213 119 215
116 216 119 218
116 219 119 221
116 222 119 224
116 225 119 227
116 228 119 230
116 231 119 233
116 234 119 236
116 237 119 239
116 240 119 242
116 243 119 245
116 246 119 248
120 0 123 2
120 6 123 8
120 9 123 11
120 12 123 14
120 15 123 17
120 18 123 20
120 21 123 23
120 24 123 26
120 30 123 32
120 33 123 35
120 36 123 38
120 42 123 44
120 45 123 47
120 48 123 50
120 51 123 53
120 54 123 56
120 57 123 59
120 63 123 65
120 66 123 68
120 69 123 71
120 72 123 74
120 75 123 77
120 78 123 80
120 84 123 86
120 87 123 89
120 90 123 92
120 93 123 95
120 96 123 98
120 99 123 101
120 102 123 104
120 108 123 110
120 111 123 113
120 114 123 116
120 117 123 119
120 120 123 122
120 126 123 128
120 132 123 134
120 135 123 137
120 138 123 140
120 141 123 143
120 144 123 146
120 147 123 149
120 150 123 152
120 153 123 155
120 156 123 158
120 159 123 161
120 165 123 167
120 168 123 170
120 171 123 173
120 174 123 176
120 180 123 182
120 183 123 185
120 186 123 188
120 189 123 191
120 195 123 197
120 198 123 200
120 201 123 203
120 204 123 206
120 210 123 212
120 213 123 215
120 216 123 218
120 219 123 221
120 222 123 224
120 225 123 227
120 228 123 230
120 231 123 233
120 234 123 236
120 237 123 239
120 240 123 242
120 243 123 245
120 246 123 248
124 0 127 2
124 3 127 5
124 6 127 8
124 9 127 11
124 12 127 14
124 15 127 17
124 18 127 20
124 24 127 26
124 27 127 29
124 30 127 32
124 33 127 35
124 39 127 41
124 42 127 44
124 45 127 47
124 48 127 50
124 51 127 53
124 54 127 56
124 57 127 59
124 60 127 62
124 63 127 65
124 66 127 68
124 69 127 71
124 72 127 74
124 75 127 77
124 78 127 80
124 81 127 83
124 84 127 86
124 87 127 89
124 93 127 95
124 99 127 101
124 102 127 104
124 105 127 107
124 108 127 110
124 111 127 113
124 114 127 116
124 120 127 122
124 129 127 131
124 135 127 137
124 138 127 140
124 141 127 143
124 144 127 146
124 147 127 149
124 150 127 152
124 153 127 155
124 156 127 158
124 159 127 161
124 162 127 164
124 165 127 167
124 168 127 170
124 171 127 173
124 174 127 176
124 177 127 179
124 180 127 182
124 183 127 185
124 189 127 191
124 192 127 194
124 195 127 197
124 198 127 200
124 201 127 203
124 204 127 206
124 207 127 209
124 210 127 212
124 213 127 215
124 216 127 218
124 219 127 221
124 222 127 224
124 225 127 227
124 228 127 230
124 231 127 233
124 234 127 236
124 237 127 239
124 240 127 242
124 243 127 245
128 0 131 2
128 3 131 5
128 6 131 8
128 9 131 11
128 15 131 17
128 18 131 20
128 21 131 23
128 24 131 26
128 27 131 29
128 30 131 32
128 33 131 35
128 36 131 38
128 39 131 41
128 42 131 44
128 48 131 50
128 51 131 53
128 54 131 56
128 57 131 59
128 60 131 62
128 63 131 65
128 69 131 71
128 75 131 77
128 78 131 80
128 81 131 83
128 84 131 86
128 87 131 89
128 90 131 92
128 93 131 95
128 96 131 98
128 99 131 101
128 102 131 104
128 105 131 107
128 108 131 110
128 111 131 113
128 114 131 116
128 117 131 119
128 123 131 125
128 126 131 128
128 129 131 131
128 132 131 134
128 135 131 137
128 138 131 140
128 141 131 143
128 144 131 146
128 150 131 152
128 153 131 155
128 156 131 158
128 159 131 161
128 162 131 164
128 168 131 170
128 177 131 179
128 180 131 182
128 183 131 185
128 186 131 188
128 189 131 191
128 192 131 194
128 195 131 197
128 198 131 200
128 201 131 203
128 204 131 206
128 207 131 209
128 210 131 212
128 213 131 215
128 216 131 218
128 219 131 221
128 222 131 224
128 225 131 227
128 231 131 233
128 234 131 236
128 237 131 239
128 240 131 242
128 243 131 245
128 246 131 248
132 6 135 8
132 9 135 11
132 12 135 14
132 15 135 17
132 18 135 20
132 21 135 23
132 24 135 26
132 27 135 29
132 30 135 32
132 33 135 35
132 36 135 38
132 39 135 41
132 42 135 44
132 45 135 47
132 48 135 50
132 51 135 53
132 57 135 59
132 60 135 62
132 63 135 65
132 66 135 68
132 69 135 71
132 72 135 74
132 75 135 77
132 78 135 80
132 84 135 86
132 87 135 89
132 90 135 92
132 93 135 95
132 96 135 98
132 99 135 101
132 102 135 104
132 105 135 107
132 108 135 110
132 111 135 113
132 120 135 122
132 123 135 125
132 126 135 128
132 129 135 131
132 135 135 137
132 138 135 140
132 141 135 143
132 144 135 146
132 147 135 149
132 150 135 152
132 153 135 155
132 156 135 158
132 159 135 161
132 162 135 164
132 165 135 167
132 168 135 170
132 171 135 173
132 174 135 176
132 177 135 179
132 180 135 182
132 183 135 185
132 186 135 188
132 189 135 191
132 195 135 197
132 198 135 200
132 204 135 206
132 207 135 209
132 210 135 212
132 213 135 215
132 216 135 218
132 219 135 221
132 222 135 224
132 225 135 227
132 228 135 230
132 231 135 233
132 234 135 236
132 240 135 242
132 243 135 245
132 246 135 248
136 0 139 2
136 6 139 8
136 9 139 11
136 12 139 14
136 18 139 20
136 24 139 26
136 27 139 29
136 33 139 35
136 36 139 38
136 39 139 41
136 42 139 44
136 45 139 47
136 48 139 50
136 51 139 53
136 54 139 56
136 57 139 59
136 60 139 62
136 63 139 65
136 69 139 71
136 72 139 74
136 78 139 80
136 81 139 83
136 84 139 86
136 87 139 89
136 90 139 92
136 93 139 95
136 99 139 101
136 102 139 104
136 105 139 107
136 111 139 113
136 114 139 116
136 117 139 119
136 120 139 122
136 123 139 125
136 129 139 131
136 132 139 134
136 135 139 137
136 138 139 140
136 141 139 143
136 147 139 149
136 150 139 152
136 159 139 161
136 162 139 164
136 165 139 167
136 168 139 170
136 171 139 173
136 174 139 176
136 177 139 179
136 183 139 185
136 186 139 188
136 189 139 191
136 198 139 200
136 201 139 203
136 204 139 206
136 207 139 209
136 210 139 212
136 216 139 218
136 219 139 221
136 222 139 224
136 225 139 227
136 231 139 233
136 234 139 236
136 237 139 239
136 240 139 242
136 246 139 248
140 0 143 2
140 3 143 5
140 6 143 8
140 9 143 11
140 12 143 14
140 15 143 17
140 18 143 20
140 24 143 26
140 27 143 29
140 30 143 32
140 33 143 35
140 39 143 41
140 42 143 44
140 45 143 47
140 48 143 50
140 51 143 53
140 54 143 56
140 57 143 59
140 60 143 62
140 63 143 65
140 66 143 68
140 69 143 71
140 72 143 74
140 75 143 77
140 78 143 80
140 84 143 86
140 87 143 89
140 90 143 92
140 93 143 95
140 96 143 98
140 99 143 101
140 102 143 104
140 105 143 107
140 108 143 110
140 111 143 113
140 114 143 116
140 117 143 119
140 123 143 125
140 126 143 128
140 129 143 131
140 132 143 134
140 135 143 137
140 138 143 140
140 141 143 143
140 144 143 146
140 147 143 149
140 150 143 152
140 153 143 155
140 156 143 158
140 159 143 161
140 162 143 164
140 165 143 167
140 168 143 170
140 171 143 173
140 174 143 176
140 177 143 179
140 180 143 182
140 183 143 185
140 186 143 188
140 189 143 191
140 192 143 194
140 195 143 197
140 198 143 200
140 201 143 203
140 204 143 206
140 207 143 209
140 213 143 215
140 216 143 218
140 219 143 221
140 222 143 224
140 225 143 227
140 231 143 233
140 234 143 236
140 237 143 239
140 240 143 242
140 243 143 245
140 246 143 248
144 0 147 2
144 3 147 5
144 6 147 8
144 9 147 11
144 12 147 14
144 15 147 17
144 18 147 20
144 21 147 23
144 24 147 26
144 27 147 29
144 30 147 32
144 33 147 35
144 36 147 38
144 39 147 41
144 42 147 44
144 45 147 47
144 48 147 50
144 51 147 53
144 54 147 56
144 57 147 59
144 60 147 62
144 63 147 65
144 66 147 68
144 69 147 71
144 72 147 74
144 75 147 77
144 78 147 80
144 81 147 83
144 84 147 86
144 87 147 89
144 93 147 95
144 96 147 98
144 99 147 101
144 102 147 104
144 105 147 107
144 108 147 110
144 111 147 113
144 117 147 119
144 120 147 122
144 123 147 125
144 126 147 128
144 129 147 131
144 132 147 134
144 135 147 137
144 138 147 140
144 141 147 143
144 144 147 146
144 147 147 149
144 150 147 152
144 153 147 155
144 159 147 161
144 162 147 164
144 165 147 167
144 171 147 173
144 174 147 176
144 180 147 182
144 183 147 185
144 186 147 188
144 189 147 191
144 192 147 194
144 195 147 197
144 198 147 200
144 201 147 203
144 204 147 206
144 210 147 212
144 213 147 215
144 216 147 218
144 219 147 221
144 222 147 224
144 228 147 230
144 234 147 236
144 237 147 239
144 246 147 248
148 0 151 2
148 3 151 5
148 6 151 8
148 9 151 11
148 12 151 14
148 15 151 17
148 21 151 23
148 24 151 26
148 30 151 32
148 33 151 35
148 36 151 38
148 39 151 41
148 42 151 44
148 45 151 47
148 48 151 50
148 51 151 53
148 54 151 56
148 57 151 59
148 60 151 62
148 63 151 65
148 66 151 68
148 69 151 71
148 78 151 80
148 81 151 83
148 84 151 86
148 87 151 89
148 90 151 92
148 93 151 95
148 96 151 98
148 99 151 101
148 102 151 104
148 105 151 107
148 108 151 110
148 111 151 113
148 114 151 116
148 120 151 122
148 123 151 125
148 126 151 128
148 129 151 131
148 132 151 134
148 135 151 137
148 138 151 140
148 141 151 143
148 144 151 146
148 147 151 149
148 150 151 152
148 153 151 155
148 156 151 158
148 159 151 161
148 162 151 164
148 165 151 167
148 168 151 170
148 174 151 176
148 177 151 179
148 180 151 182
148 183 151 185
148 189 151 191
148 192 151 194
148 198 151 200
148 201 151 203
148 204 151 206
148 207 151 209
148 210 151 212
148 213 151 215
148 216 151 218
148 225 151 227
148 231 151 233
148 234 151 236
148 237 151 239
148 240 151 242
152 0 155 2
152 3 155 5
152 6 155 8
152 12 155 14
152 15 155 17
152 18 155 20
152 21 155 23
152 24 155 26
152 27 155 29
152 30 155 32
152 33 155 35
152 36 155 38
152 48 155 50
152 51 155 53
152 54 155 56
152 57 155 59
152 63 155 65
152 66 155 68
152 69 155 71
152 72 155 74
152 78 155 80
152 81 155 83
152 84 155 86
152 87 155 89
152 90 155 92
152 93 155 95
152 96 155 98
152 99 155 101
152 105 155 107
152 108 155 110
152 111 155 113
152 114 155 116
152 120 155 122
152 123 155 125
152 126 155 128
152 129 155 131
152 132 155 134
152 135 155 137
152 138 155 140
152 141 155 143
152 144 155 146
152 147 155 149
152 150 155 152
152 153 155 155
152 156 155 158
152 159 155 161
152 162 155 164
152 165 155 167
152 171 155 173
152 174 155 176
152 177 155 179
152 180 155 182
152 183 155 185
152 186 155 188
152 189 155 191
152 192 155 194
152 195 155 197
152 198 155 200
152 201 155 203
152 204 155 206
152 207 155 209
152 210 155 212
152 216 155 218
152 219 155 221
152 222 155 224
152 225 155 227
152 228 155 230
152 234 155 236
152 237 155 239
152 243 155 245
152 246 155 248
156 6 159 8
156 18 159 20
156 21 159 23
156 24 159 26
156 27 159 29
156 30 159 32
156 33 159 35
156 36 159 38
156 39 159 41
156 42 159 44
156 45 159 47
156 48 159 50
156 51 159 53
156 54 159 56
156 57 159 59
156 60 159 62
156 66 159 68
156 69 159 71
156 75 159 77
156 78 159 80
156 81 159 83
156 84 159 86
156 87 159 89
156 93 159 95
156 96 159 98
156 99 159 101
156 105 159 107
156 108 159 110
156 111 159 113
156 114 159 116
156 117 159 119
156 120 159 122
156 126 159 128
156 129 159 131
156 132 159 134
156 135 159 137
156 138 159 140
156 141 159 143
156 144 159 146
156 147 159 149
156 150 159 152
156 153 159 155
156 156 159 158
156 159 159 161
156 162 159 164
156 165 159 167
156 168 159 170
156 171 159 173
156 174 159 176
156 177 159 179
156 180 159 182
156 183 159 185
156 186 159 188
156 189 159 191
156 192 159 194
156 195 159 197
156 198 159 200
156 201 159 203
156 204 159 206
156 207 159 209
156 210 159 212
156 219 159 221
156 222 159 224
156 225 159 227
156 228 159 230
156 234 159 236
156 240 159 242
156 243 159 245
156 246 159 248
160 0 163 2
160 3 163 5
160 6 163 8
160 9 163 11
160 12 163 14
160 15 163 17
160 21 163 23
160 27 163 29
160 30 163 32
160 33 163 35
160 36 163 38
160 39 163 41
160 45 163 47
160 51 163 53
160 54 163 56
160 57 163 59
160 66 163 68
160 69 163 71
160 72 163 74
160 75 163 77
160 78 163 80
160 84 163 86
160 87 163 89
160 90 163 92
160 93 163 95
160 96 163 98
160 99 163 101
160 102 163 104
160 108 163 110
160 111 163 113
160 114 163 116
160 117 163 119
160 120 163 122
160 123 163 125
160 126 163 128
160 129 163 131
160 132 163 134
160 135 163 137
160 138 163 140
160 141 163 143
160 147 163 149
160 159 163 161
160 162 163 164
160 165 163 167
160 168 163 170
160 174 163 176
160 177 163 179
160 180 163 182
160 183 163 185
160 189 163 191
160 192 163 194
160 195 163 197
160 198 163 200
160 201 163 203
160 204 163 206
160 207 163 209
160 210 163 212
160 213 163 215
160 216 163 218
160 219 163 221
160 222 163 224
160 225 163 227
160 228 163 230
160 231 163 233
160 237 163 239
160 240 163 242
160 243 163 245
160 246 163 248
164 0 167 2
164 3 167 5
164 6 167 8
164 9 167 11
164 15 167 17
164 18 167 20
164 24 167 26
164 27 167 29
164 30 167 32
164 33 167 35
164 36 167 38
164 39 167 41
164 42 167 44
164 45 167 47
164 48 167 50
164 51 167 53
164 54 167 56
164 57 167 59
164 60 167 62
164 63 167 65
164 66 167 68
164 69 167 71
164 72 167 74
164 75 167 77
164 78 167 80
164 81 167 83
164 84 167 86
164 87 167 89
164 90 167 92
164 93 167 95
164 96 167 98
164 99 167 101
164 105 167 107
164 108 167 110
164 111 167 113
164 117 167 119
164 123 167 125
164 126 167 128
164 129 167 131
164 132 167 134
164 138 167 140
164 141 167 143
164 144 167 146
164 147 167 149
164 150 167 152
164 153 167 155
164 156 167 158
164 159 167 161
164 162 167 164
164 165 167 167
164 168 167 170
164 171 167 173
164 174 167 176
164 180 167 182
164 183 167 185
164 186 167 188
164 189 167 191
164 192 167 194
164 195 167 197
164 198 167 200
164 204 167 206
164 207 167 209
164 210 167 212
164 213 167 215
164 216 167 218
164 219 167 221
164 222 167 224
164 225 167 227
164 234 167 236
164 237 167 239
164 240 167 242
164 243 167 245
164 246 167 248
168 0 171 2
168 3 171 5
168 6 171 8
168 9 171 11
168 15 171 17
168 18 171 20
168 30 171 32
168 33 171 35
168 36 171 38
168 39 171 41
168 42 171 44
168 45 171 47
168 48 171 50
168 51 171 53
168 54 171 56
168 57 171 59
168 60 171 62
168 63 171 65
168 69 171 71
168 72 171 74
168 75 171 77
168 81 171 83
168 84 171 86
168 87 171 89
168 90 171 92
168 93 171 95
168 96 171 98
168 102 171 104
168 105 171 107
168 111 171 113
168 114 171 116
168 117 171 119
168 120 171 122
168 123 171 125
168 126 171 128
168 129 171 131
168 132 171 134
168 135 171 137
168 141 171 143
168 144 171 146
168 147 171 149
168 150 171 152
168 153 171 155
168 156 171 158
168 159 171 161
168 162 171 164
168 171 171 173
168 174 171 176
168 177 171 179
168 183 171 185
168 186 171 188
168 189 171 191
168 192 171 194
168 198 171 200
168 201 171 203
168 204 171 206
168 207 171 209
168 210 171 212
168 213 171 215
168 216 171 218
168 219 171 221
168 222 171 224
168 228 171 230
168 231 171 233
168 234 171 236
168 237 171 239
168 240 171 242
168 243 171 245
172 0 175 2
172 3 175 5
172 6 175 8
172 9 175 11
172 12 175 14
172 15 175 17
172 18 175 20
172 21 175 23
172 24 175 26
172 27 175 29
172 30 175 32
172 33 175 35
172 36 175 38
172 42 175 44
172 45 175 47
172 48 175 50
172 54 175 56
172 57 175 59
172 60 175 62
172 63 175 65
172 66 175 68
172 69 175 71
172 72 175 74
172 75 175 77
172 81 175 83
172 84 175 86
172 87 175 89
172 90 175 92
172 93 175 95
172 96 175 98
172 102 175 104
172 108 175 110
172 111 175 113
172 114 175 116
172 117 175 119
172 123 175 125
172 126 175 128
172 129 175 131
172 132 175 134
172 135 175 137
172 138 175 140
172 141 175 143
172 144 175 146
172 147 175 149
172 150 175 152
172 153 175 155
172 156 175 158
172 159 175 161
172 162 175 164
172 165 175 167
172 171 175 173
172 174 175 176
172 180 175 182
172 183 175 185
172 186 175 188
172 189 175 191
172 195 175 197
172 198 175 200
172 201 175 203
172 204 175 206
172 207 175 209
172 213 175 215
172 216 175 218
172 219 175 221
172 222 175 224
172 228 175 230
172 234 175 236
172 240 175 242
172 243 175 245
176 0 179 2
176 3 179 5
176 6 179 8
176 9 179 11
176 12 179 14
176 15 179 17
176 18 179 20
176 21 179 23
176 24 179 26
176 27 179 29
176 30 179 32
176 36 179 38
176 39 179 41
176 42 179 44
176 45 179 47
176 51 179 53
176 54 179 56
176 57 179 59
176 60 179 62
176 63 179 65
176 66 179 68
176 69 179 71
176 72 179 74
176 75 179 77
176 78 179 80
176 81 179 83
176 84 179 86
176 87 179 89
176 90 179 92
176 93 179 95
176 96 179 98
176 99 179 101
176 102 179 104
176 108 179 110
176 111 179 113
176 114 179 116
176 117 179 119
176 120 179 122
176 123 179 125
176 126 179 128
176 129 179 131
176 135 179 137
176 138 179 140
176 141 179 143
176 144 179 146
176 147 179 149
176 150 179 152
176 153 179 155
176 156 179 158
176 159 179 161
176 162 179 164
176 165 179 167
176 168 179 170
176 171 179 173
176 174 179 176
176 177 179 179
176 180 179 182
176 183 179 185
176 189 179 191
176 192 179 194
176 195 179 197
176 198 179 200
176 204 179 206
176 207 179 209
176 210 179 212
176 216 179 218
176 219 179 221
176 222 179 224
176 228 179 230
176 234 179 236
176 237 179 239
176 240 179 242
176 243 179 245
176 246 179 248
180 0 183 2
180 3 183 5
180 9 183 11
180 12 183 14
180 15 183 17
180 18 183 20
180 24 183 26
180 27 183 29
180 30 183 32
180 33 183 35
180 36 183 38
180 39 183 41
180 45 183 47
180 48 183 50
180 51 183 53
180 54 183 56
180 57 183 59
180 60 183 62
180 63 183 65
180 66 183 68
180 72 183 74
180 75 183 77
180 78 183 80
180 81 183 83
180 84 183 86
180 87 183 89
180 90 183 92
180 96 183 98
180 99 183 101
180 105 183 107
180 108 183 110
180 114 183 116
180 117 183 119
180 120 183 122
180 123 183 125
180 126 183 128
180 129 183 131
180 132 183 134
180 135 183 137
180 141 183 143
180 144 183 146
180 147 183 149
180 150 183 152
180 153 183 155
180 159 183 161
180 162 183 164
180 165 183 167
180 168 183 170
180 171 183 173
180 177 183 179
180 180 183 182
180 183 183 185
180 186 183 188
180 189 183 191
180 192 183 194
180 195 183 197
180 198 183 200
180 201 183 203
180 204 183 206
180 210 183 212
180 219 183 221
180 222 183 224
180 225 183 227
180 228 183 230
180 231 183 233
180 234 183 236
180 237 183 239
180 240 183 242
180 243 183 245
180 246 183 248
184 3 187 5
184 9 187 11
184 12 187 14
184 15 187 17
184 18 187 20
184 21 187 23
184 27 187 29
184 30 187 32
184 33 187 35
184 36 187 38
184 39 187 41
184 42 187 44
184 45 187 47
184 48 187 50
184 51 187 53
184 54 187 56
184 57 187 59
184 66 187 68
184 69 187 71
184 75 187 77
184 78 187 80
184 81 187 83
184 90 187 92
184 93 187 95
184 96 187 98
184 99 187 101
184 102 187 104
184 105 187 107
184 108 187 110
184 111 187 113
184 114 187 116
184 117 187 119
184 120 187 122
184 123 187 125
184 126 187 128
184 129 187 131
184 135 187 137
184 138 187 140
184 141 187 143
184 144 187 146
184 150 187 152
184 153 187 155
184 156 187 158
184 159 187 161
184 162 187 164
184 165 187 167
184 171 187 173
184 177 187 179
184 180 187 182
184 183 187 185
184 186 187 188
184 189 187 191
184 192 187 194
184 195 187 197
184 198 187 200
184 201 187 203
184 204 187 206
184 207 187 209
184 210 187 212
184 213 187 215
184 216 187 218
184 219 187 221
184 222 187 224
184 231 187 233
184 234 187 236
184 237 187 239
184 240 187 242
184 243 187 245
184 246 187 248
188 0 191 2
188 3 191 5
188 6 191 8
188 9 191 11
188 12 191 14
188 15 191 17
188 18 191 20
188 21 191 23
188 27 191 29
188 30 191 32
188 33 191 35
188 39 191 41
188 42 191 44
188 45 191 47
188 48 191 50
188 51 191 53
188 54 191 56
188 57 191 59
188 60 191 62
188 63 191 65
188 66 191 68
188 69 191 71
188 72 191 74
188 75 191 77
188 78 191 80
188 81 191 83
188 84 191 86
188 90 191 92
188 93 191 95
188 96 191 98
188 99 191 101
188 102 191 104
188 105 191 107
188 108 191 110
188 111 191 113
188 114 191 116
188 117 191 119
188 120 191 122
188 123 191 125
188 126 191 128
188 132 191 134
188 138 191 140
188 141 191 143
188 147 191 149
188 150 191 152
188 153 191 155
188 156 191 158
188 159 191 161
188 162 191 164
188 168 191 170
188 171 191 173
188 174 191 176
188 180 191 182
188 183 191 185
188 186 191 188
188 189 191 191
188 192 191 194
188 195 191 197
188 201 191 203
188 204 191 206
188 207 191 209
188 213 191 215
188 216 191 218
188 219 191 221
188 222 191 224
188 225 191 227
188 228 191 230
188 231 191 233
188 234 191 236
188 237 191 239
188 240 191 242
188 243 191 245
188 246 191 248
192 0 195 2
192 3 195 5
192 9 195 11
192 12 195 14
192 15 195 17
192 18 195 20
192 21 195 23
192 24 195 26
192 27 195 29
192 30 195 32
192 33 195 35
192 42 195 44
192 45 195 47
192 48 195 50
192 51 195 53
192 54 195 56
192 57 195 59
192 60 195 62
192 63 195 65
192 66 195 68
192 69 195 71
192 72 195 74
192 75 195 77
192 81 195 83
192 87 195 89
192 93 195 95
192 96 195 98
192 102 195 104
192 105 195 107
192 108 195 110
192 111 195 113
192 114 195 116
192 117 195 119
192 120 195 122
192 123 195 125
192 126 195 128
192 129 195 131
192 132 195 134
192 138 195 140
192 141 195 143
192 144 195 146
192 147 195 149
192 150 195 152
192 153 195 155
192 156 195 158
192 162 195 164
192 165 195 167
192 168 195 170
192 171 195 173
192 174 195 176
192 177 195 179
192 180 195 182
192 183 195 185
192 186 195 188
192 198 195 200
192 201 195 203
192 204 195 206
192 207 195 209
192 210 195 212
192 213 195 215
192 216 195 218
192 219 195 221
192 222 195 224
192 225 195 227
192 228 195 230
192 231 195 233
192 234 195 236
192 240 195 242
192 243 195 245
192 246 195 248
196 0 199 2
196 3 199 5
196 6 199 8
196 9 199 11
196 12 199 14
196 21 199 23
196 24 199 26
196 27 199 29
196 30 199 32
196 33 199 35
196 36 199 38
196 39 199 41
196 42 199 44
196 45 199 47
196 48 199 50
196 57 199 59
196 60 199 62
196 63 199 65
196 66 199 68
196 69 199 71
196 72 199 74
196 78 199 80
196 84 199 86
196 93 199 95
196 99 199 101
196 102 199 104
196 105 199 107
196 108 199 110
196 111 199 113
196 114 199 116
196 117 199 119
196 120 199 122
196 123 199 125
196 126 199 128
196 129 199 131
196 132 199 134
196 135 199 137
196 138 199 140
196 141 199 143
196 147 199 149
196 153 199 155
196 156 199 158
196 159 199 161
196 162 199 164
196 168 199 170
196 171 199 173
196 174 199 176
196 177 199 179
196 180 199 182
196 183 199 185
196 189 199 191
196 198 199 200
196 201 199 203
196 207 199 209
196 210 199 212
196 213 199 215
196 216 199 218
196 219 199 221
196 222 199 224
196 225 199 227
196 231 199 233
196 234 199 236
196 237 199 239
196 240 199 242
196 243 199 245
196 246 199 248
